{"/Users/hydeenoble/localhost/take-home/mightybyte/packages/core/src/migrations/tasks.ts": {"path":"/Users/hydeenoble/localhost/take-home/mightybyte/packages/core/src/migrations/tasks.ts","statementMap":{"0":{"start":{"line":1,"column":0},"end":{"line":1,"column":71}},"1":{"start":{"line":3,"column":13},"end":{"line":7,"column":3}}},"fnMap":{},"branchMap":{},"s":{"0":2,"1":2},"f":{},"b":{}}
,"/Users/hydeenoble/localhost/take-home/mightybyte/packages/functions/src/db/dbClient.ts": {"path":"/Users/hydeenoble/localhost/take-home/mightybyte/packages/functions/src/db/dbClient.ts","statementMap":{"0":{"start":{"line":1,"column":0},"end":{"line":1,"column":52}},"1":{"start":{"line":2,"column":0},"end":{"line":2,"column":26}},"2":{"start":{"line":3,"column":0},"end":{"line":3,"column":61}},"3":{"start":{"line":5,"column":13},"end":{"line":11,"column":2}},"4":{"start":{"line":13,"column":13},"end":{"line":13,"column":44}}},"fnMap":{},"branchMap":{"0":{"loc":{"start":{"line":7,"column":17},"end":{"line":7,"column":46}},"type":"binary-expr","locations":[{"start":{"line":7,"column":17},"end":{"line":7,"column":36}},{"start":{"line":7,"column":40},"end":{"line":7,"column":46}}]}},"s":{"0":1,"1":1,"2":1,"3":1,"4":1},"f":{},"b":{"0":[1,1]}}
,"/Users/hydeenoble/localhost/take-home/mightybyte/packages/functions/src/handlers/getTasks.ts": {"path":"/Users/hydeenoble/localhost/take-home/mightybyte/packages/functions/src/handlers/getTasks.ts","statementMap":{"0":{"start":{"line":1,"column":0},"end":{"line":1,"column":49}},"1":{"start":{"line":3,"column":0},"end":{"line":8,"column":3}},"2":{"start":{"line":11,"column":0},"end":{"line":11,"column":32}},"3":{"start":{"line":14,"column":0},"end":{"line":18,"column":3}},"4":{"start":{"line":22,"column":0},"end":{"line":22,"column":31}},"5":{"start":{"line":24,"column":0},"end":{"line":24,"column":36}},"6":{"start":{"line":26,"column":0},"end":{"line":26,"column":59}},"7":{"start":{"line":29,"column":13},"end":{"line":52,"column":2}},"8":{"start":{"line":29,"column":68},"end":{"line":51,"column":null}},"9":{"start":{"line":31,"column":4},"end":{"line":50,"column":5}},"10":{"start":{"line":32,"column":21},"end":{"line":32,"column":60}},"11":{"start":{"line":34,"column":6},"end":{"line":40,"column":8}},"12":{"start":{"line":42,"column":6},"end":{"line":42,"column":56}},"13":{"start":{"line":43,"column":6},"end":{"line":49,"column":8}}},"fnMap":{"0":{"name":"(anonymous_7)","decl":{"start":{"line":16,"column":3},"end":{"line":16,"column":6}},"loc":{"start":{"line":16,"column":8},"end":{"line":18,"column":1}}},"1":{"name":"(anonymous_8)","decl":{"start":{"line":29,"column":51},"end":{"line":29,"column":58}},"loc":{"start":{"line":29,"column":68},"end":{"line":51,"column":null}}},"2":{"name":"(anonymous_9)","decl":{"start":{"line":29,"column":68},"end":{"line":29,"column":null}},"loc":{"start":{"line":29,"column":68},"end":{"line":51,"column":3}}}},"branchMap":{},"s":{"0":1,"1":1,"2":1,"3":1,"4":1,"5":1,"6":1,"7":1,"8":1,"9":1,"10":1,"11":0,"12":1,"13":1},"f":{"0":1,"1":1,"2":1},"b":{}}
}
