TN:
SF:packages/core/src/migrations/tasks.ts
FNF:0
FNH:0
DA:1,2
DA:3,2
LF:2
LH:2
BRF:0
BRH:0
end_of_record
TN:
SF:packages/functions/src/db/dbClient.ts
FNF:0
FNH:0
DA:1,1
DA:2,1
DA:3,1
DA:5,1
DA:13,1
LF:5
LH:5
BRDA:7,0,0,1
BRDA:7,0,1,1
BRF:2
BRH:2
end_of_record
TN:
SF:packages/functions/src/handlers/getTasks.ts
FN:16,(anonymous_7)
FN:29,(anonymous_8)
FN:29,(anonymous_9)
FNF:3
FNH:3
FNDA:1,(anonymous_7)
FNDA:1,(anonymous_8)
FNDA:1,(anonymous_9)
DA:1,1
DA:3,1
DA:11,1
DA:14,1
DA:22,1
DA:24,1
DA:26,1
DA:29,1
DA:31,1
DA:32,1
DA:34,0
DA:42,1
DA:43,1
LF:13
LH:12
BRF:0
BRH:0
end_of_record
